2025-09-08 12:39:34.587 [info] [main] Log level: Info
2025-09-08 12:39:34.587 [info] [main] Validating found git in: "git"
2025-09-08 12:39:34.587 [info] [main] Using git "2.51.0" from "git"
2025-09-08 12:39:34.587 [info] [Model][doInitialScan] Initial repository scan started
2025-09-08 12:39:34.587 [info] > git rev-parse --show-toplevel [7ms]
2025-09-08 12:39:34.587 [info] fatal: not a git repository (or any of the parent directories): .git
2025-09-08 12:39:34.587 [info] > git rev-parse --show-toplevel [2ms]
2025-09-08 12:39:34.587 [info] fatal: not a git repository (or any of the parent directories): .git
2025-09-08 12:39:34.587 [info] > git rev-parse --show-toplevel [2ms]
2025-09-08 12:39:34.587 [info] fatal: not a git repository (or any of the parent directories): .git
2025-09-08 12:39:34.587 [info] > git rev-parse --show-toplevel [4ms]
2025-09-08 12:39:34.587 [info] fatal: not a git repository (or any of the parent directories): .git
2025-09-08 12:39:34.587 [info] > git rev-parse --show-toplevel [1ms]
2025-09-08 12:39:34.587 [info] fatal: not a git repository (or any of the parent directories): .git
2025-09-08 12:39:34.587 [info] > git rev-parse --show-toplevel [1ms]
2025-09-08 12:39:34.587 [info] fatal: not a git repository (or any of the parent directories): .git
2025-09-08 12:39:34.587 [info] > git rev-parse --show-toplevel [1ms]
2025-09-08 12:39:34.587 [info] fatal: not a git repository (or any of the parent directories): .git
2025-09-08 12:39:34.587 [info] > git rev-parse --show-toplevel [1ms]
2025-09-08 12:39:34.587 [info] fatal: not a git repository (or any of the parent directories): .git
2025-09-08 12:39:34.587 [info] > git rev-parse --show-toplevel [0ms]
2025-09-08 12:39:34.587 [info] fatal: not a git repository (or any of the parent directories): .git
2025-09-08 12:39:34.587 [info] > git rev-parse --show-toplevel [1ms]
2025-09-08 12:39:34.587 [info] fatal: not a git repository (or any of the parent directories): .git
2025-09-08 12:39:34.588 [info] > git rev-parse --show-toplevel [2ms]
2025-09-08 12:39:34.588 [info] fatal: not a git repository (or any of the parent directories): .git
2025-09-08 12:39:34.597 [info] > git rev-parse --show-toplevel [7ms]
2025-09-08 12:39:34.597 [info] fatal: not a git repository (or any of the parent directories): .git
2025-09-08 12:39:34.600 [info] > git rev-parse --show-toplevel [1ms]
2025-09-08 12:39:34.600 [info] fatal: not a git repository (or any of the parent directories): .git
2025-09-08 12:39:34.604 [info] > git rev-parse --show-toplevel [1ms]
2025-09-08 12:39:34.604 [info] fatal: not a git repository (or any of the parent directories): .git
2025-09-08 12:39:34.607 [info] > git rev-parse --show-toplevel [1ms]
2025-09-08 12:39:34.607 [info] fatal: not a git repository (or any of the parent directories): .git
2025-09-08 12:39:34.611 [info] > git rev-parse --show-toplevel [0ms]
2025-09-08 12:39:34.611 [info] fatal: not a git repository (or any of the parent directories): .git
2025-09-08 12:39:34.617 [info] > git rev-parse --show-toplevel [3ms]
2025-09-08 12:39:34.617 [info] fatal: not a git repository (or any of the parent directories): .git
2025-09-08 12:39:34.621 [info] > git rev-parse --show-toplevel [1ms]
2025-09-08 12:39:34.621 [info] fatal: not a git repository (or any of the parent directories): .git
2025-09-08 12:39:34.649 [info] > git rev-parse --show-toplevel [25ms]
2025-09-08 12:39:34.649 [info] fatal: not a git repository (or any of the parent directories): .git
2025-09-08 12:39:34.660 [info] > git rev-parse --show-toplevel [1ms]
2025-09-08 12:39:34.660 [info] fatal: not a git repository (or any of the parent directories): .git
2025-09-08 12:39:34.663 [info] > git rev-parse --show-toplevel [0ms]
2025-09-08 12:39:34.664 [info] fatal: not a git repository (or any of the parent directories): .git
2025-09-08 12:39:34.667 [info] > git rev-parse --show-toplevel [1ms]
2025-09-08 12:39:34.667 [info] fatal: not a git repository (or any of the parent directories): .git
2025-09-08 12:39:34.671 [info] > git rev-parse --show-toplevel [1ms]
2025-09-08 12:39:34.671 [info] fatal: not a git repository (or any of the parent directories): .git
2025-09-08 12:39:34.674 [info] > git rev-parse --show-toplevel [1ms]
2025-09-08 12:39:34.674 [info] fatal: not a git repository (or any of the parent directories): .git
2025-09-08 12:39:34.678 [info] > git rev-parse --show-toplevel [1ms]
2025-09-08 12:39:34.678 [info] fatal: not a git repository (or any of the parent directories): .git
2025-09-08 12:39:34.682 [info] > git rev-parse --show-toplevel [1ms]
2025-09-08 12:39:34.682 [info] fatal: not a git repository (or any of the parent directories): .git
2025-09-08 12:39:34.686 [info] > git rev-parse --show-toplevel [1ms]
2025-09-08 12:39:34.686 [info] fatal: not a git repository (or any of the parent directories): .git
2025-09-08 12:39:34.689 [info] > git rev-parse --show-toplevel [1ms]
2025-09-08 12:39:34.689 [info] fatal: not a git repository (or any of the parent directories): .git
2025-09-08 12:39:34.689 [info] [Model][doInitialScan] Initial repository scan completed - repositories (0), closed repositories (0), parent repositories (0), unsafe repositories (0)
2025-09-08 12:39:34.694 [info] > git rev-parse --show-toplevel [1ms]
2025-09-08 12:39:34.694 [info] fatal: not a git repository (or any of the parent directories): .git
2025-09-08 12:39:34.825 [info] > git rev-parse --show-toplevel [1ms]
2025-09-08 12:39:34.825 [info] fatal: not a git repository (or any of the parent directories): .git
2025-09-08 12:39:35.247 [info] > git rev-parse --show-toplevel [1ms]
2025-09-08 12:39:35.247 [info] fatal: not a git repository (or any of the parent directories): .git
2025-09-08 12:39:35.960 [info] > git rev-parse --show-toplevel [1ms]
2025-09-08 12:39:35.960 [info] fatal: not a git repository (or any of the parent directories): .git
2025-09-08 12:39:53.057 [info] > git rev-parse --show-toplevel [0ms]
2025-09-08 12:39:53.057 [info] fatal: not a git repository (or any of the parent directories): .git
2025-09-08 12:40:20.595 [info] > git rev-parse --show-toplevel [1ms]
2025-09-08 12:40:20.595 [info] fatal: not a git repository (or any of the parent directories): .git
2025-09-08 12:42:48.421 [info] > git rev-parse --show-toplevel [1ms]
2025-09-08 12:42:48.421 [info] fatal: not a git repository (or any of the parent directories): .git
2025-09-08 12:42:56.927 [info] > git rev-parse --show-toplevel [1ms]
2025-09-08 12:42:56.927 [info] fatal: not a git repository (or any of the parent directories): .git
2025-09-08 12:44:05.129 [info] > git rev-parse --show-toplevel [1ms]
2025-09-08 12:44:05.129 [info] fatal: not a git repository (or any of the parent directories): .git
2025-09-08 12:44:06.822 [info] > git rev-parse --show-toplevel [1ms]
2025-09-08 12:44:06.822 [info] fatal: not a git repository (or any of the parent directories): .git
2025-09-08 12:44:33.065 [info] > git rev-parse --show-toplevel [1ms]
2025-09-08 12:44:33.065 [info] fatal: not a git repository (or any of the parent directories): .git
2025-09-08 12:44:39.163 [info] > git rev-parse --show-toplevel [1ms]
2025-09-08 12:44:39.163 [info] fatal: not a git repository (or any of the parent directories): .git
2025-09-08 12:44:40.291 [info] > git rev-parse --show-toplevel [1ms]
2025-09-08 12:44:40.291 [info] fatal: not a git repository (or any of the parent directories): .git
2025-09-08 12:44:51.858 [info] > git rev-parse --show-toplevel [1ms]
2025-09-08 12:44:51.858 [info] fatal: not a git repository (or any of the parent directories): .git
2025-09-08 12:44:52.487 [info] > git rev-parse --show-toplevel [1ms]
2025-09-08 12:44:52.487 [info] fatal: not a git repository (or any of the parent directories): .git
2025-09-08 12:45:43.924 [info] > git rev-parse --show-toplevel [1ms]
2025-09-08 12:45:43.924 [info] fatal: not a git repository (or any of the parent directories): .git
2025-09-08 12:45:47.087 [info] > git rev-parse --show-toplevel [1ms]
2025-09-08 12:45:47.087 [info] fatal: not a git repository (or any of the parent directories): .git
2025-09-08 12:45:55.372 [info] > git rev-parse --show-toplevel [1ms]
2025-09-08 12:45:55.372 [info] fatal: not a git repository (or any of the parent directories): .git
2025-09-08 12:46:28.462 [info] > git rev-parse --show-toplevel [1ms]
2025-09-08 12:46:28.462 [info] fatal: not a git repository (or any of the parent directories): .git
2025-09-08 12:46:28.995 [info] > git rev-parse --show-toplevel [1ms]
2025-09-08 12:46:28.995 [info] fatal: not a git repository (or any of the parent directories): .git
2025-09-08 12:46:29.539 [info] > git rev-parse --show-toplevel [2ms]
2025-09-08 12:46:29.539 [info] fatal: not a git repository (or any of the parent directories): .git
2025-09-08 12:46:30.873 [info] > git rev-parse --show-toplevel [1ms]
2025-09-08 12:46:30.873 [info] fatal: not a git repository (or any of the parent directories): .git
2025-09-08 12:46:54.236 [info] > git rev-parse --show-toplevel [2ms]
2025-09-08 12:46:54.236 [info] fatal: not a git repository (or any of the parent directories): .git
2025-09-08 12:46:55.643 [info] > git rev-parse --show-toplevel [1ms]
2025-09-08 12:46:55.643 [info] fatal: not a git repository (or any of the parent directories): .git
2025-09-08 12:46:56.910 [info] > git rev-parse --show-toplevel [1ms]
2025-09-08 12:46:56.910 [info] fatal: not a git repository (or any of the parent directories): .git
2025-09-08 12:46:58.064 [info] > git rev-parse --show-toplevel [2ms]
2025-09-08 12:46:58.064 [info] fatal: not a git repository (or any of the parent directories): .git
2025-09-08 12:48:58.790 [info] > git rev-parse --show-toplevel [0ms]
2025-09-08 12:48:58.790 [info] fatal: not a git repository (or any of the parent directories): .git
2025-09-08 12:49:00.240 [info] > git rev-parse --show-toplevel [1ms]
2025-09-08 12:49:00.240 [info] fatal: not a git repository (or any of the parent directories): .git
2025-09-08 12:49:05.015 [info] > git rev-parse --show-toplevel [2ms]
2025-09-08 12:49:05.015 [info] fatal: not a git repository (or any of the parent directories): .git
2025-09-08 12:49:06.508 [info] > git rev-parse --show-toplevel [1ms]
2025-09-08 12:49:06.508 [info] fatal: not a git repository (or any of the parent directories): .git
2025-09-08 12:49:16.738 [info] > git rev-parse --show-toplevel [1ms]
2025-09-08 12:49:16.738 [info] fatal: not a git repository (or any of the parent directories): .git
2025-09-08 12:49:18.005 [info] > git rev-parse --show-toplevel [1ms]
2025-09-08 12:49:18.005 [info] fatal: not a git repository (or any of the parent directories): .git
2025-09-08 12:49:22.257 [info] > git rev-parse --show-toplevel [1ms]
2025-09-08 12:49:22.257 [info] fatal: not a git repository (or any of the parent directories): .git
2025-09-08 12:49:23.669 [info] > git rev-parse --show-toplevel [1ms]
2025-09-08 12:49:23.669 [info] fatal: not a git repository (or any of the parent directories): .git
2025-09-08 12:49:38.294 [info] > git rev-parse --show-toplevel [1ms]
2025-09-08 12:49:38.294 [info] fatal: not a git repository (or any of the parent directories): .git
2025-09-08 12:49:44.701 [info] > git rev-parse --show-toplevel [1ms]
2025-09-08 12:49:44.701 [info] fatal: not a git repository (or any of the parent directories): .git
