2025-09-06 20:18:31.980 [info] [main] Log level: Info
2025-09-06 20:18:31.980 [info] [main] Validating found git in: "git"
2025-09-06 20:18:31.980 [info] [main] Using git "2.51.0" from "git"
2025-09-06 20:18:31.980 [info] [Model][doInitialScan] Initial repository scan started
2025-09-06 20:18:31.980 [info] > git rev-parse --show-toplevel [6ms]
2025-09-06 20:18:31.981 [info] > git rev-parse --git-dir --git-common-dir --show-superproject-working-tree [1ms]
2025-09-06 20:18:31.992 [info] [Model][openRepository] Opened repository (path): /home/ezio/dotfiles
2025-09-06 20:18:31.992 [info] [Model][openRepository] Opened repository (real path): /home/ezio/dotfiles
2025-09-06 20:18:31.992 [info] [Model][openRepository] Opened repository (kind): repository
2025-09-06 20:18:32.001 [info] > git rev-parse --show-toplevel [2ms]
2025-09-06 20:18:32.002 [info] [Model][doInitialScan] Initial repository scan completed - repositories (1), closed repositories (0), parent repositories (0), unsafe repositories (0)
2025-09-06 20:18:32.003 [info] > git config --get commit.template [5ms]
2025-09-06 20:18:32.028 [info] > git for-each-ref --format=%(refname)%00%(upstream:short)%00%(objectname)%00%(upstream:track)%00%(upstream:remotename)%00%(upstream:remoteref) refs/heads/main refs/remotes/main [20ms]
2025-09-06 20:18:32.047 [info] > git status -z -uall [16ms]
2025-09-06 20:18:32.047 [info] > git for-each-ref --sort -committerdate --format %(refname)%00%(objectname)%00%(*objectname) [12ms]
2025-09-06 20:18:32.060 [info] > git for-each-ref --format=%(refname)%00%(upstream:short)%00%(objectname)%00%(upstream:track)%00%(upstream:remotename)%00%(upstream:remoteref) refs/heads/main refs/remotes/main [7ms]
2025-09-06 20:18:32.069 [info] > git config --get --local branch.main.vscode-merge-base [6ms]
2025-09-06 20:18:32.069 [warning] [Git][config] git config failed: Failed to execute git
2025-09-06 20:18:32.072 [info] > git config --get commit.template [12ms]
2025-09-06 20:18:32.097 [info] > git reflog main --grep-reflog=branch: Created from *. [25ms]
2025-09-06 20:18:32.103 [info] > git symbolic-ref --short refs/remotes/origin/HEAD [3ms]
2025-09-06 20:18:32.103 [info] fatal: ref refs/remotes/origin/HEAD is not a symbolic ref
2025-09-06 20:18:32.103 [warning] [Repository][getDefaultBranch] Failed to get default branch details: Failed to execute git.
2025-09-06 20:18:32.103 [info] > git for-each-ref --format=%(refname)%00%(upstream:short)%00%(objectname)%00%(upstream:track)%00%(upstream:remotename)%00%(upstream:remoteref) refs/heads/main refs/remotes/main [6ms]
2025-09-06 20:18:32.109 [info] > git status -z -uall [3ms]
2025-09-06 20:18:32.111 [info] > git for-each-ref --sort -committerdate --format %(refname)%00%(objectname)%00%(*objectname) [3ms]
2025-09-06 20:18:32.509 [info] > git check-ignore -v -z --stdin [1ms]
2025-09-06 20:18:33.565 [info] > git check-ignore -v -z --stdin [2ms]
2025-09-06 20:18:39.329 [info] > git config --get commit.template [3ms]
2025-09-06 20:18:39.330 [info] > git for-each-ref --format=%(refname)%00%(upstream:short)%00%(objectname)%00%(upstream:track)%00%(upstream:remotename)%00%(upstream:remoteref) refs/heads/main refs/remotes/main [1ms]
2025-09-06 20:18:39.337 [info] > git status -z -uall [5ms]
2025-09-06 20:18:39.340 [info] > git for-each-ref --sort -committerdate --format %(refname)%00%(objectname)%00%(*objectname) [4ms]
2025-09-06 20:19:15.749 [info] > git show --textconv :update.sh [4ms]
2025-09-06 20:19:15.750 [info] > git ls-files --stage -- update.sh [2ms]
2025-09-06 20:19:15.754 [info] > git cat-file -s 83befa519e753223f8c6e1f14d251afef8f8a582 [1ms]
2025-09-06 20:19:16.799 [info] > git blame --root --incremental 1e0a4213b84ad5429be80a16e501bd4f30cf86c2 -- update.sh [1ms]
2025-09-06 20:21:24.709 [info] > git config --get commit.template [5ms]
2025-09-06 20:21:24.710 [info] > git for-each-ref --format=%(refname)%00%(upstream:short)%00%(objectname)%00%(upstream:track)%00%(upstream:remotename)%00%(upstream:remoteref) refs/heads/main refs/remotes/main [2ms]
2025-09-06 20:21:24.719 [info] > git status -z -uall [6ms]
2025-09-06 20:21:24.723 [info] > git for-each-ref --sort -committerdate --format %(refname)%00%(objectname)%00%(*objectname) [5ms]
2025-09-06 20:21:37.743 [info] > git config --get commit.template [4ms]
2025-09-06 20:21:37.744 [info] > git for-each-ref --format=%(refname)%00%(upstream:short)%00%(objectname)%00%(upstream:track)%00%(upstream:remotename)%00%(upstream:remoteref) refs/heads/main refs/remotes/main [2ms]
2025-09-06 20:21:37.751 [info] > git status -z -uall [4ms]
2025-09-06 20:21:37.754 [info] > git for-each-ref --sort -committerdate --format %(refname)%00%(objectname)%00%(*objectname) [4ms]
2025-09-06 20:25:30.826 [info] > git config --get commit.template [2ms]
2025-09-06 20:25:30.829 [info] > git for-each-ref --format=%(refname)%00%(upstream:short)%00%(objectname)%00%(upstream:track)%00%(upstream:remotename)%00%(upstream:remoteref) refs/heads/main refs/remotes/main [1ms]
2025-09-06 20:25:30.835 [info] > git status -z -uall [3ms]
2025-09-06 20:25:30.837 [info] > git for-each-ref --sort -committerdate --format %(refname)%00%(objectname)%00%(*objectname) [3ms]
2025-09-06 20:26:09.265 [info] > git config --get commit.template [10ms]
2025-09-06 20:26:09.266 [info] > git for-each-ref --format=%(refname)%00%(upstream:short)%00%(objectname)%00%(upstream:track)%00%(upstream:remotename)%00%(upstream:remoteref) refs/heads/main refs/remotes/main [3ms]
2025-09-06 20:26:09.284 [info] > git status -z -uall [10ms]
2025-09-06 20:26:09.291 [info] > git for-each-ref --sort -committerdate --format %(refname)%00%(objectname)%00%(*objectname) [9ms]
2025-09-06 20:26:16.717 [info] > git config --get commit.template [3ms]
2025-09-06 20:26:16.731 [info] > git for-each-ref --format=%(refname)%00%(upstream:short)%00%(objectname)%00%(upstream:track)%00%(upstream:remotename)%00%(upstream:remoteref) refs/heads/main refs/remotes/main [3ms]
2025-09-06 20:26:16.745 [info] > git status -z -uall [6ms]
2025-09-06 20:26:16.747 [info] > git for-each-ref --sort -committerdate --format %(refname)%00%(objectname)%00%(*objectname) [3ms]
2025-09-06 20:26:30.623 [info] > git config --get commit.template [4ms]
2025-09-06 20:26:30.624 [info] > git for-each-ref --format=%(refname)%00%(upstream:short)%00%(objectname)%00%(upstream:track)%00%(upstream:remotename)%00%(upstream:remoteref) refs/heads/main refs/remotes/main [2ms]
2025-09-06 20:26:30.631 [info] > git status -z -uall [4ms]
2025-09-06 20:26:30.633 [info] > git for-each-ref --sort -committerdate --format %(refname)%00%(objectname)%00%(*objectname) [3ms]
2025-09-06 20:26:46.395 [info] > git config --get commit.template [10ms]
2025-09-06 20:26:46.397 [info] > git for-each-ref --format=%(refname)%00%(upstream:short)%00%(objectname)%00%(upstream:track)%00%(upstream:remotename)%00%(upstream:remoteref) refs/heads/main refs/remotes/main [4ms]
2025-09-06 20:26:46.416 [info] > git status -z -uall [11ms]
2025-09-06 20:26:46.421 [info] > git for-each-ref --sort -committerdate --format %(refname)%00%(objectname)%00%(*objectname) [7ms]
2025-09-06 20:26:51.475 [info] > git config --get commit.template [4ms]
2025-09-06 20:26:51.476 [info] > git for-each-ref --format=%(refname)%00%(upstream:short)%00%(objectname)%00%(upstream:track)%00%(upstream:remotename)%00%(upstream:remoteref) refs/heads/main refs/remotes/main [1ms]
2025-09-06 20:26:51.481 [info] > git status -z -uall [3ms]
2025-09-06 20:26:51.482 [info] > git for-each-ref --sort -committerdate --format %(refname)%00%(objectname)%00%(*objectname) [2ms]
2025-09-06 20:26:56.518 [info] > git config --get commit.template [4ms]
2025-09-06 20:26:56.518 [info] > git for-each-ref --format=%(refname)%00%(upstream:short)%00%(objectname)%00%(upstream:track)%00%(upstream:remotename)%00%(upstream:remoteref) refs/heads/main refs/remotes/main [1ms]
2025-09-06 20:26:56.524 [info] > git status -z -uall [3ms]
2025-09-06 20:26:56.525 [info] > git for-each-ref --sort -committerdate --format %(refname)%00%(objectname)%00%(*objectname) [2ms]
2025-09-06 20:27:11.423 [info] > git config --get commit.template [4ms]
2025-09-06 20:27:11.423 [info] > git for-each-ref --format=%(refname)%00%(upstream:short)%00%(objectname)%00%(upstream:track)%00%(upstream:remotename)%00%(upstream:remoteref) refs/heads/main refs/remotes/main [1ms]
2025-09-06 20:27:11.431 [info] > git status -z -uall [4ms]
2025-09-06 20:27:11.432 [info] > git for-each-ref --sort -committerdate --format %(refname)%00%(objectname)%00%(*objectname) [2ms]
2025-09-06 20:27:16.464 [info] > git config --get commit.template [1ms]
2025-09-06 20:27:16.468 [info] > git for-each-ref --format=%(refname)%00%(upstream:short)%00%(objectname)%00%(upstream:track)%00%(upstream:remotename)%00%(upstream:remoteref) refs/heads/main refs/remotes/main [1ms]
2025-09-06 20:27:16.473 [info] > git status -z -uall [3ms]
2025-09-06 20:27:16.475 [info] > git for-each-ref --sort -committerdate --format %(refname)%00%(objectname)%00%(*objectname) [2ms]
2025-09-06 20:27:21.505 [info] > git config --get commit.template [4ms]
2025-09-06 20:27:21.506 [info] > git for-each-ref --format=%(refname)%00%(upstream:short)%00%(objectname)%00%(upstream:track)%00%(upstream:remotename)%00%(upstream:remoteref) refs/heads/main refs/remotes/main [1ms]
2025-09-06 20:27:21.514 [info] > git status -z -uall [4ms]
2025-09-06 20:27:21.515 [info] > git for-each-ref --sort -committerdate --format %(refname)%00%(objectname)%00%(*objectname) [2ms]
2025-09-06 20:27:27.427 [info] > git config --get commit.template [10ms]
2025-09-06 20:27:27.428 [info] > git for-each-ref --format=%(refname)%00%(upstream:short)%00%(objectname)%00%(upstream:track)%00%(upstream:remotename)%00%(upstream:remoteref) refs/heads/main refs/remotes/main [3ms]
2025-09-06 20:27:27.433 [info] > git status -z -uall [3ms]
2025-09-06 20:27:27.435 [info] > git for-each-ref --sort -committerdate --format %(refname)%00%(objectname)%00%(*objectname) [2ms]
2025-09-06 20:27:28.515 [info] > git ls-files --stage -- update.sh [2ms]
2025-09-06 20:27:28.519 [info] > git cat-file -s 83befa519e753223f8c6e1f14d251afef8f8a582 [1ms]
2025-09-06 20:27:28.526 [info] > git show --textconv :update.sh [2ms]
2025-09-06 20:27:32.146 [info] > git check-ignore -v -z --stdin [1ms]
2025-09-06 20:27:32.463 [info] > git config --get commit.template [4ms]
2025-09-06 20:27:32.464 [info] > git for-each-ref --format=%(refname)%00%(upstream:short)%00%(objectname)%00%(upstream:track)%00%(upstream:remotename)%00%(upstream:remoteref) refs/heads/main refs/remotes/main [1ms]
2025-09-06 20:27:32.471 [info] > git for-each-ref --sort -committerdate --format %(refname)%00%(objectname)%00%(*objectname) [1ms]
2025-09-06 20:27:32.472 [info] > git status -z -uall [5ms]
2025-09-06 20:27:52.875 [info] > git config --get commit.template [4ms]
2025-09-06 20:27:52.876 [info] > git for-each-ref --format=%(refname)%00%(upstream:short)%00%(objectname)%00%(upstream:track)%00%(upstream:remotename)%00%(upstream:remoteref) refs/heads/main refs/remotes/main [2ms]
2025-09-06 20:27:52.883 [info] > git status -z -uall [4ms]
2025-09-06 20:27:52.884 [info] > git for-each-ref --sort -committerdate --format %(refname)%00%(objectname)%00%(*objectname) [2ms]
2025-09-06 20:28:10.386 [info] > git config --get commit.template [3ms]
2025-09-06 20:28:10.386 [info] > git for-each-ref --format=%(refname)%00%(upstream:short)%00%(objectname)%00%(upstream:track)%00%(upstream:remotename)%00%(upstream:remoteref) refs/heads/main refs/remotes/main [1ms]
2025-09-06 20:28:10.393 [info] > git status -z -uall [4ms]
2025-09-06 20:28:10.394 [info] > git for-each-ref --sort -committerdate --format %(refname)%00%(objectname)%00%(*objectname) [2ms]
2025-09-06 20:28:19.709 [info] > git config --get commit.template [3ms]
2025-09-06 20:28:19.710 [info] > git for-each-ref --format=%(refname)%00%(upstream:short)%00%(objectname)%00%(upstream:track)%00%(upstream:remotename)%00%(upstream:remoteref) refs/heads/main refs/remotes/main [1ms]
2025-09-06 20:28:19.715 [info] > git status -z -uall [3ms]
2025-09-06 20:28:19.717 [info] > git for-each-ref --sort -committerdate --format %(refname)%00%(objectname)%00%(*objectname) [2ms]
2025-09-06 20:28:28.861 [info] > git config --get commit.template [10ms]
2025-09-06 20:28:28.862 [info] > git for-each-ref --format=%(refname)%00%(upstream:short)%00%(objectname)%00%(upstream:track)%00%(upstream:remotename)%00%(upstream:remoteref) refs/heads/main refs/remotes/main [3ms]
2025-09-06 20:28:28.880 [info] > git status -z -uall [10ms]
2025-09-06 20:28:28.885 [info] > git for-each-ref --sort -committerdate --format %(refname)%00%(objectname)%00%(*objectname) [6ms]
2025-09-06 20:28:33.933 [info] > git config --get commit.template [4ms]
2025-09-06 20:28:33.934 [info] > git for-each-ref --format=%(refname)%00%(upstream:short)%00%(objectname)%00%(upstream:track)%00%(upstream:remotename)%00%(upstream:remoteref) refs/heads/main refs/remotes/main [1ms]
2025-09-06 20:28:33.942 [info] > git for-each-ref --sort -committerdate --format %(refname)%00%(objectname)%00%(*objectname) [1ms]
2025-09-06 20:28:34.009 [info] > git status -z -uall [72ms]
2025-09-06 20:28:45.586 [info] > git show --textconv :update.sh [11ms]
2025-09-06 20:28:45.588 [info] > git ls-files --stage -- update.sh [3ms]
2025-09-06 20:28:45.602 [info] > git cat-file -s 83befa519e753223f8c6e1f14d251afef8f8a582 [5ms]
2025-09-06 20:28:46.415 [info] > git config --get commit.template [11ms]
2025-09-06 20:28:46.417 [info] > git for-each-ref --format=%(refname)%00%(upstream:short)%00%(objectname)%00%(upstream:track)%00%(upstream:remotename)%00%(upstream:remoteref) refs/heads/main refs/remotes/main [4ms]
2025-09-06 20:28:46.438 [info] > git for-each-ref --sort -committerdate --format %(refname)%00%(objectname)%00%(*objectname) [4ms]
2025-09-06 20:28:46.519 [info] > git status -z -uall [94ms]
