2025-09-08 10:16:12.505 [info] [main] Log level: Info
2025-09-08 10:16:12.505 [info] [main] Validating found git in: "git"
2025-09-08 10:16:12.505 [info] [main] Using git "2.51.0" from "git"
2025-09-08 10:16:12.505 [info] [Model][doInitialScan] Initial repository scan started
2025-09-08 10:16:12.506 [info] > git rev-parse --show-toplevel [18ms]
2025-09-08 10:16:12.506 [info] fatal: not a git repository (or any of the parent directories): .git
2025-09-08 10:16:12.506 [info] > git rev-parse --show-toplevel [2ms]
2025-09-08 10:16:12.506 [info] fatal: not a git repository (or any of the parent directories): .git
2025-09-08 10:16:12.506 [info] > git rev-parse --show-toplevel [6ms]
2025-09-08 10:16:12.506 [info] fatal: not a git repository (or any of the parent directories): .git
2025-09-08 10:16:12.506 [info] > git rev-parse --show-toplevel [1ms]
2025-09-08 10:16:12.506 [info] fatal: not a git repository (or any of the parent directories): .git
2025-09-08 10:16:12.506 [info] > git rev-parse --show-toplevel [1ms]
2025-09-08 10:16:12.506 [info] fatal: not a git repository (or any of the parent directories): .git
2025-09-08 10:16:12.506 [info] > git rev-parse --show-toplevel [8ms]
2025-09-08 10:16:12.506 [info] fatal: not a git repository (or any of the parent directories): .git
2025-09-08 10:16:12.529 [info] > git rev-parse --show-toplevel [24ms]
2025-09-08 10:16:12.529 [info] fatal: not a git repository (or any of the parent directories): .git
2025-09-08 10:16:12.538 [info] > git rev-parse --show-toplevel [1ms]
2025-09-08 10:16:12.538 [info] fatal: not a git repository (or any of the parent directories): .git
2025-09-08 10:16:12.543 [info] > git rev-parse --show-toplevel [2ms]
2025-09-08 10:16:12.543 [info] fatal: not a git repository (or any of the parent directories): .git
2025-09-08 10:16:12.547 [info] > git rev-parse --show-toplevel [1ms]
2025-09-08 10:16:12.547 [info] fatal: not a git repository (or any of the parent directories): .git
2025-09-08 10:16:12.552 [info] > git rev-parse --show-toplevel [1ms]
2025-09-08 10:16:12.552 [info] fatal: not a git repository (or any of the parent directories): .git
2025-09-08 10:16:12.556 [info] > git rev-parse --show-toplevel [1ms]
2025-09-08 10:16:12.556 [info] fatal: not a git repository (or any of the parent directories): .git
2025-09-08 10:16:12.561 [info] > git rev-parse --show-toplevel [1ms]
2025-09-08 10:16:12.561 [info] fatal: not a git repository (or any of the parent directories): .git
2025-09-08 10:16:12.565 [info] > git rev-parse --show-toplevel [1ms]
2025-09-08 10:16:12.565 [info] fatal: not a git repository (or any of the parent directories): .git
2025-09-08 10:16:12.570 [info] > git rev-parse --show-toplevel [0ms]
2025-09-08 10:16:12.570 [info] fatal: not a git repository (or any of the parent directories): .git
2025-09-08 10:16:12.574 [info] > git rev-parse --show-toplevel [1ms]
2025-09-08 10:16:12.574 [info] fatal: not a git repository (or any of the parent directories): .git
2025-09-08 10:16:12.579 [info] > git rev-parse --show-toplevel [1ms]
2025-09-08 10:16:12.579 [info] fatal: not a git repository (or any of the parent directories): .git
2025-09-08 10:16:12.584 [info] > git rev-parse --show-toplevel [1ms]
2025-09-08 10:16:12.584 [info] fatal: not a git repository (or any of the parent directories): .git
2025-09-08 10:16:12.587 [info] > git rev-parse --show-toplevel [1ms]
2025-09-08 10:16:12.587 [info] fatal: not a git repository (or any of the parent directories): .git
2025-09-08 10:16:12.590 [info] > git rev-parse --show-toplevel [1ms]
2025-09-08 10:16:12.590 [info] fatal: not a git repository (or any of the parent directories): .git
2025-09-08 10:16:12.594 [info] > git rev-parse --show-toplevel [1ms]
2025-09-08 10:16:12.594 [info] fatal: not a git repository (or any of the parent directories): .git
2025-09-08 10:16:12.598 [info] > git rev-parse --show-toplevel [1ms]
2025-09-08 10:16:12.598 [info] fatal: not a git repository (or any of the parent directories): .git
2025-09-08 10:16:12.602 [info] > git rev-parse --show-toplevel [1ms]
2025-09-08 10:16:12.602 [info] fatal: not a git repository (or any of the parent directories): .git
2025-09-08 10:16:12.605 [info] > git rev-parse --show-toplevel [1ms]
2025-09-08 10:16:12.605 [info] fatal: not a git repository (or any of the parent directories): .git
2025-09-08 10:16:12.609 [info] > git rev-parse --show-toplevel [1ms]
2025-09-08 10:16:12.609 [info] fatal: not a git repository (or any of the parent directories): .git
2025-09-08 10:16:12.612 [info] > git rev-parse --show-toplevel [0ms]
2025-09-08 10:16:12.612 [info] fatal: not a git repository (or any of the parent directories): .git
2025-09-08 10:16:12.616 [info] > git rev-parse --show-toplevel [1ms]
2025-09-08 10:16:12.616 [info] fatal: not a git repository (or any of the parent directories): .git
2025-09-08 10:16:12.620 [info] > git rev-parse --show-toplevel [1ms]
2025-09-08 10:16:12.620 [info] fatal: not a git repository (or any of the parent directories): .git
2025-09-08 10:16:12.623 [info] > git rev-parse --show-toplevel [1ms]
2025-09-08 10:16:12.623 [info] fatal: not a git repository (or any of the parent directories): .git
2025-09-08 10:16:12.627 [info] > git rev-parse --show-toplevel [0ms]
2025-09-08 10:16:12.627 [info] fatal: not a git repository (or any of the parent directories): .git
2025-09-08 10:16:12.628 [info] [Model][doInitialScan] Initial repository scan completed - repositories (0), closed repositories (0), parent repositories (0), unsafe repositories (0)
2025-09-08 10:16:12.724 [info] > git rev-parse --show-toplevel [1ms]
2025-09-08 10:16:12.724 [info] fatal: not a git repository (or any of the parent directories): .git
2025-09-08 10:16:12.996 [info] > git rev-parse --show-toplevel [1ms]
2025-09-08 10:16:12.996 [info] fatal: not a git repository (or any of the parent directories): .git
2025-09-08 10:16:15.796 [info] > git rev-parse --show-toplevel [1ms]
2025-09-08 10:16:15.797 [info] fatal: not a git repository (or any of the parent directories): .git
2025-09-08 10:17:57.870 [info] > git rev-parse --show-toplevel [1ms]
2025-09-08 10:17:57.870 [info] fatal: not a git repository (or any of the parent directories): .git
2025-09-08 10:17:58.330 [info] > git rev-parse --show-toplevel [1ms]
2025-09-08 10:17:58.330 [info] fatal: not a git repository (or any of the parent directories): .git
2025-09-08 10:17:58.903 [info] > git rev-parse --show-toplevel [1ms]
2025-09-08 10:17:58.903 [info] fatal: not a git repository (or any of the parent directories): .git
