2025-09-06 08:01:11.075 [info] [main] Log level: Info
2025-09-06 08:01:11.075 [info] [main] Validating found git in: "git"
2025-09-06 08:01:11.075 [info] [main] Using git "2.51.0" from "git"
2025-09-06 08:01:11.075 [info] [Model][doInitialScan] Initial repository scan started
2025-09-06 08:01:11.075 [info] > git rev-parse --show-toplevel [4ms]
2025-09-06 08:01:11.075 [info] fatal: not a git repository (or any of the parent directories): .git
2025-09-06 08:01:11.075 [info] > git rev-parse --show-toplevel [2ms]
2025-09-06 08:01:11.075 [info] fatal: not a git repository (or any of the parent directories): .git
2025-09-06 08:01:11.075 [info] > git rev-parse --show-toplevel [1ms]
2025-09-06 08:01:11.075 [info] fatal: not a git repository (or any of the parent directories): .git
2025-09-06 08:01:11.075 [info] > git rev-parse --show-toplevel [2ms]
2025-09-06 08:01:11.075 [info] fatal: not a git repository (or any of the parent directories): .git
2025-09-06 08:01:11.075 [info] > git rev-parse --show-toplevel [3ms]
2025-09-06 08:01:11.075 [info] fatal: not a git repository (or any of the parent directories): .git
2025-09-06 08:01:11.075 [info] > git rev-parse --show-toplevel [0ms]
2025-09-06 08:01:11.075 [info] fatal: not a git repository (or any of the parent directories): .git
2025-09-06 08:01:11.075 [info] > git rev-parse --show-toplevel [1ms]
2025-09-06 08:01:11.075 [info] fatal: not a git repository (or any of the parent directories): .git
2025-09-06 08:01:11.075 [info] > git rev-parse --show-toplevel [1ms]
2025-09-06 08:01:11.075 [info] fatal: not a git repository (or any of the parent directories): .git
2025-09-06 08:01:11.075 [info] > git rev-parse --show-toplevel [0ms]
2025-09-06 08:01:11.075 [info] fatal: not a git repository (or any of the parent directories): .git
2025-09-06 08:01:11.075 [info] > git rev-parse --show-toplevel [1ms]
2025-09-06 08:01:11.075 [info] fatal: not a git repository (or any of the parent directories): .git
2025-09-06 08:01:11.075 [info] > git rev-parse --show-toplevel [1ms]
2025-09-06 08:01:11.075 [info] fatal: not a git repository (or any of the parent directories): .git
2025-09-06 08:01:11.075 [info] > git rev-parse --show-toplevel [1ms]
2025-09-06 08:01:11.075 [info] fatal: not a git repository (or any of the parent directories): .git
2025-09-06 08:01:11.075 [info] > git rev-parse --show-toplevel [1ms]
2025-09-06 08:01:11.075 [info] fatal: not a git repository (or any of the parent directories): .git
2025-09-06 08:01:11.075 [info] > git rev-parse --show-toplevel [1ms]
2025-09-06 08:01:11.075 [info] fatal: not a git repository (or any of the parent directories): .git
2025-09-06 08:01:11.075 [info] > git rev-parse --show-toplevel [1ms]
2025-09-06 08:01:11.075 [info] fatal: not a git repository (or any of the parent directories): .git
2025-09-06 08:01:11.076 [info] > git rev-parse --show-toplevel [2ms]
2025-09-06 08:01:11.076 [info] fatal: not a git repository (or any of the parent directories): .git
2025-09-06 08:01:11.088 [info] > git rev-parse --show-toplevel [9ms]
2025-09-06 08:01:11.088 [info] fatal: not a git repository (or any of the parent directories): .git
2025-09-06 08:01:11.125 [info] > git rev-parse --show-toplevel [33ms]
2025-09-06 08:01:11.125 [info] fatal: not a git repository (or any of the parent directories): .git
2025-09-06 08:01:11.125 [info] [Model][doInitialScan] Initial repository scan completed - repositories (0), closed repositories (0), parent repositories (0), unsafe repositories (0)
2025-09-06 08:01:12.244 [info] > git rev-parse --show-toplevel [1ms]
2025-09-06 08:01:12.244 [info] fatal: not a git repository (or any of the parent directories): .git
2025-09-06 08:01:43.106 [info] > git rev-parse --show-toplevel [2ms]
2025-09-06 08:01:43.106 [info] fatal: not a git repository (or any of the parent directories): .git
2025-09-06 08:01:43.831 [info] > git rev-parse --show-toplevel [1ms]
2025-09-06 08:01:43.831 [info] fatal: not a git repository (or any of the parent directories): .git
2025-09-06 08:02:09.492 [info] > git rev-parse --show-toplevel [1ms]
2025-09-06 08:02:09.492 [info] fatal: not a git repository (or any of the parent directories): .git
2025-09-06 08:02:11.370 [info] > git rev-parse --show-toplevel [4ms]
2025-09-06 08:02:11.370 [info] fatal: not a git repository (or any of the parent directories): .git
2025-09-06 08:02:16.783 [info] > git rev-parse --show-toplevel [1ms]
2025-09-06 08:02:16.783 [info] fatal: not a git repository (or any of the parent directories): .git
2025-09-06 08:02:31.743 [info] > git rev-parse --show-toplevel [2ms]
2025-09-06 08:02:31.743 [info] fatal: not a git repository (or any of the parent directories): .git
2025-09-06 08:03:17.540 [info] > git rev-parse --show-toplevel [2ms]
2025-09-06 08:03:17.540 [info] fatal: not a git repository (or any of the parent directories): .git
2025-09-06 08:03:25.213 [info] > git rev-parse --show-toplevel [3ms]
2025-09-06 08:03:25.213 [info] fatal: not a git repository (or any of the parent directories): .git
2025-09-06 08:03:25.791 [info] > git rev-parse --show-toplevel [1ms]
2025-09-06 08:03:25.791 [info] fatal: not a git repository (or any of the parent directories): .git
2025-09-06 08:03:37.295 [info] > git rev-parse --show-toplevel [2ms]
2025-09-06 08:03:37.295 [info] fatal: not a git repository (or any of the parent directories): .git
2025-09-06 08:03:44.200 [info] > git rev-parse --show-toplevel [1ms]
2025-09-06 08:03:44.200 [info] fatal: not a git repository (or any of the parent directories): .git
2025-09-06 08:03:49.025 [info] > git rev-parse --show-toplevel [2ms]
2025-09-06 08:03:49.025 [info] fatal: not a git repository (or any of the parent directories): .git
2025-09-06 08:03:56.589 [info] > git rev-parse --show-toplevel [2ms]
2025-09-06 08:03:56.589 [info] fatal: not a git repository (or any of the parent directories): .git
2025-09-06 08:04:18.757 [info] > git rev-parse --show-toplevel [2ms]
2025-09-06 08:04:18.757 [info] fatal: not a git repository (or any of the parent directories): .git
2025-09-06 08:04:23.908 [info] > git rev-parse --show-toplevel [1ms]
2025-09-06 08:04:23.909 [info] fatal: not a git repository (or any of the parent directories): .git
2025-09-06 08:06:09.160 [info] > git rev-parse --show-toplevel [2ms]
2025-09-06 08:06:09.160 [info] fatal: not a git repository (or any of the parent directories): .git
2025-09-06 08:06:12.852 [info] > git rev-parse --show-toplevel [1ms]
2025-09-06 08:06:12.852 [info] fatal: not a git repository (or any of the parent directories): .git
2025-09-06 08:09:41.174 [info] > git rev-parse --show-toplevel [1ms]
2025-09-06 08:09:41.174 [info] fatal: not a git repository (or any of the parent directories): .git
2025-09-06 08:09:45.034 [info] > git rev-parse --show-toplevel [1ms]
2025-09-06 08:09:45.034 [info] fatal: not a git repository (or any of the parent directories): .git
2025-09-06 08:14:57.594 [info] > git rev-parse --show-toplevel [1ms]
2025-09-06 08:14:57.594 [info] fatal: not a git repository (or any of the parent directories): .git
2025-09-06 08:15:00.425 [info] > git rev-parse --show-toplevel [1ms]
2025-09-06 08:15:00.425 [info] fatal: not a git repository (or any of the parent directories): .git
2025-09-06 08:19:24.153 [info] > git rev-parse --show-toplevel [1ms]
2025-09-06 08:19:24.153 [info] fatal: not a git repository (or any of the parent directories): .git
2025-09-06 08:19:34.873 [info] > git rev-parse --show-toplevel [1ms]
2025-09-06 08:19:34.873 [info] fatal: not a git repository (or any of the parent directories): .git
2025-09-06 08:29:38.437 [info] > git rev-parse --show-toplevel [1ms]
2025-09-06 08:29:38.437 [info] fatal: not a git repository (or any of the parent directories): .git
2025-09-06 08:29:39.900 [info] > git rev-parse --show-toplevel [1ms]
2025-09-06 08:29:39.900 [info] fatal: not a git repository (or any of the parent directories): .git
2025-09-06 08:29:44.154 [info] > git rev-parse --show-toplevel [1ms]
2025-09-06 08:29:44.155 [info] fatal: not a git repository (or any of the parent directories): .git
2025-09-06 08:30:51.474 [info] > git rev-parse --show-toplevel [1ms]
2025-09-06 08:30:51.474 [info] fatal: not a git repository (or any of the parent directories): .git
2025-09-06 08:38:12.515 [info] > git rev-parse --show-toplevel [1ms]
2025-09-06 08:38:12.515 [info] fatal: not a git repository (or any of the parent directories): .git
2025-09-06 08:39:39.058 [info] > git rev-parse --show-toplevel [2ms]
2025-09-06 08:39:39.058 [info] fatal: not a git repository (or any of the parent directories): .git
2025-09-06 08:46:58.475 [info] > git rev-parse --show-toplevel [1ms]
2025-09-06 08:46:58.475 [info] fatal: not a git repository (or any of the parent directories): .git
2025-09-06 08:55:57.256 [info] > git rev-parse --show-toplevel [1ms]
2025-09-06 08:55:57.257 [info] fatal: not a git repository (or any of the parent directories): .git
2025-09-06 08:55:57.966 [info] > git rev-parse --show-toplevel [1ms]
2025-09-06 08:55:57.966 [info] fatal: not a git repository (or any of the parent directories): .git
2025-09-06 08:56:00.602 [info] > git rev-parse --show-toplevel [1ms]
2025-09-06 08:56:00.602 [info] fatal: not a git repository (or any of the parent directories): .git
2025-09-06 08:56:19.129 [info] > git rev-parse --show-toplevel [2ms]
2025-09-06 08:56:19.129 [info] fatal: not a git repository (or any of the parent directories): .git
2025-09-06 08:56:23.192 [info] > git rev-parse --show-toplevel [1ms]
2025-09-06 08:56:23.192 [info] fatal: not a git repository (or any of the parent directories): .git
2025-09-06 08:56:24.235 [info] > git rev-parse --show-toplevel [2ms]
2025-09-06 08:56:24.235 [info] fatal: not a git repository (or any of the parent directories): .git
2025-09-06 08:56:24.802 [info] > git rev-parse --show-toplevel [1ms]
2025-09-06 08:56:24.802 [info] fatal: not a git repository (or any of the parent directories): .git
2025-09-06 08:56:31.565 [info] > git rev-parse --show-toplevel [1ms]
2025-09-06 08:56:31.565 [info] fatal: not a git repository (or any of the parent directories): .git
2025-09-06 09:01:05.539 [info] > git rev-parse --show-toplevel [1ms]
2025-09-06 09:01:05.539 [info] fatal: not a git repository (or any of the parent directories): .git
2025-09-06 09:01:12.787 [info] > git rev-parse --show-toplevel [1ms]
2025-09-06 09:01:12.787 [info] fatal: not a git repository (or any of the parent directories): .git
2025-09-06 09:01:50.889 [info] > git rev-parse --show-toplevel [2ms]
2025-09-06 09:01:50.889 [info] fatal: not a git repository (or any of the parent directories): .git
2025-09-06 09:01:54.280 [info] > git rev-parse --show-toplevel [1ms]
2025-09-06 09:01:54.280 [info] fatal: not a git repository (or any of the parent directories): .git
2025-09-06 09:07:46.861 [info] > git rev-parse --show-toplevel [1ms]
2025-09-06 09:07:46.861 [info] fatal: not a git repository (or any of the parent directories): .git
2025-09-06 09:07:49.923 [info] > git rev-parse --show-toplevel [1ms]
2025-09-06 09:07:49.923 [info] fatal: not a git repository (or any of the parent directories): .git
2025-09-06 09:10:14.197 [info] > git rev-parse --show-toplevel [1ms]
2025-09-06 09:10:14.197 [info] fatal: not a git repository (or any of the parent directories): .git
2025-09-06 09:10:23.290 [info] > git rev-parse --show-toplevel [1ms]
2025-09-06 09:10:23.290 [info] fatal: not a git repository (or any of the parent directories): .git
2025-09-06 09:13:47.843 [info] > git rev-parse --show-toplevel [1ms]
2025-09-06 09:13:47.843 [info] fatal: not a git repository (or any of the parent directories): .git
2025-09-06 09:14:10.396 [info] > git rev-parse --show-toplevel [1ms]
2025-09-06 09:14:10.397 [info] fatal: not a git repository (or any of the parent directories): .git
2025-09-06 09:43:44.942 [info] > git rev-parse --show-toplevel [1ms]
2025-09-06 09:43:44.942 [info] fatal: not a git repository (or any of the parent directories): .git
2025-09-06 13:32:44.973 [info] > git rev-parse --show-toplevel [0ms]
2025-09-06 13:32:44.973 [info] fatal: not a git repository (or any of the parent directories): .git
2025-09-06 13:43:42.854 [info] > git rev-parse --show-toplevel [1ms]
2025-09-06 13:43:42.854 [info] fatal: not a git repository (or any of the parent directories): .git
2025-09-06 13:44:47.072 [info] > git rev-parse --show-toplevel [1ms]
2025-09-06 13:44:47.072 [info] fatal: not a git repository (or any of the parent directories): .git
2025-09-06 13:44:53.302 [info] > git rev-parse --show-toplevel [1ms]
2025-09-06 13:44:53.302 [info] fatal: not a git repository (or any of the parent directories): .git
2025-09-06 13:44:59.103 [info] > git rev-parse --show-toplevel [2ms]
2025-09-06 13:44:59.103 [info] fatal: not a git repository (or any of the parent directories): .git
2025-09-06 13:47:56.203 [info] > git rev-parse --show-toplevel [1ms]
2025-09-06 13:47:56.203 [info] fatal: not a git repository (or any of the parent directories): .git
2025-09-06 13:50:23.542 [info] > git rev-parse --show-toplevel [1ms]
2025-09-06 13:50:23.542 [info] fatal: not a git repository (or any of the parent directories): .git
2025-09-06 13:50:24.284 [info] > git rev-parse --show-toplevel [1ms]
2025-09-06 13:50:24.284 [info] fatal: not a git repository (or any of the parent directories): .git
2025-09-06 13:50:25.621 [info] > git rev-parse --show-toplevel [1ms]
2025-09-06 13:50:25.621 [info] fatal: not a git repository (or any of the parent directories): .git
2025-09-06 13:50:28.958 [info] > git rev-parse --show-toplevel [1ms]
2025-09-06 13:50:28.958 [info] fatal: not a git repository (or any of the parent directories): .git
2025-09-06 13:51:10.772 [info] > git rev-parse --show-toplevel [1ms]
2025-09-06 13:51:10.772 [info] fatal: not a git repository (or any of the parent directories): .git
2025-09-06 13:51:15.618 [info] > git rev-parse --show-toplevel [1ms]
2025-09-06 13:51:15.619 [info] fatal: not a git repository (or any of the parent directories): .git
2025-09-06 13:51:23.772 [info] > git rev-parse --show-toplevel [1ms]
2025-09-06 13:51:23.772 [info] fatal: not a git repository (or any of the parent directories): .git
2025-09-06 13:51:31.348 [info] > git rev-parse --show-toplevel [1ms]
2025-09-06 13:51:31.348 [info] fatal: not a git repository (or any of the parent directories): .git
2025-09-06 13:51:34.509 [info] > git rev-parse --show-toplevel [2ms]
2025-09-06 13:51:34.509 [info] fatal: not a git repository (or any of the parent directories): .git
2025-09-06 13:51:35.862 [info] > git rev-parse --show-toplevel [1ms]
2025-09-06 13:51:35.862 [info] fatal: not a git repository (or any of the parent directories): .git
2025-09-06 13:53:52.120 [info] > git rev-parse --show-toplevel [1ms]
2025-09-06 13:53:52.120 [info] fatal: not a git repository (or any of the parent directories): .git
2025-09-06 13:54:04.479 [info] > git rev-parse --show-toplevel [1ms]
2025-09-06 13:54:04.479 [info] fatal: not a git repository (or any of the parent directories): .git
2025-09-06 13:54:46.176 [info] > git rev-parse --show-toplevel [1ms]
2025-09-06 13:54:46.176 [info] fatal: not a git repository (or any of the parent directories): .git
2025-09-06 13:54:57.483 [info] > git rev-parse --show-toplevel [1ms]
2025-09-06 13:54:57.483 [info] fatal: not a git repository (or any of the parent directories): .git
2025-09-06 13:57:40.297 [info] > git rev-parse --show-toplevel [1ms]
2025-09-06 13:57:40.297 [info] fatal: not a git repository (or any of the parent directories): .git
2025-09-06 13:57:57.361 [info] > git rev-parse --show-toplevel [1ms]
2025-09-06 13:57:57.361 [info] fatal: not a git repository (or any of the parent directories): .git
2025-09-06 13:58:07.858 [info] > git rev-parse --show-toplevel [1ms]
2025-09-06 13:58:07.858 [info] fatal: not a git repository (or any of the parent directories): .git
2025-09-06 13:58:10.373 [info] > git rev-parse --show-toplevel [2ms]
2025-09-06 13:58:10.373 [info] fatal: not a git repository (or any of the parent directories): .git
2025-09-06 13:58:31.951 [info] > git rev-parse --show-toplevel [2ms]
2025-09-06 13:58:31.951 [info] fatal: not a git repository (or any of the parent directories): .git
2025-09-06 13:58:44.183 [info] > git rev-parse --show-toplevel [1ms]
2025-09-06 13:58:44.183 [info] fatal: not a git repository (or any of the parent directories): .git
2025-09-06 14:01:01.094 [info] > git rev-parse --show-toplevel [0ms]
2025-09-06 14:01:01.095 [info] fatal: not a git repository (or any of the parent directories): .git
2025-09-06 14:01:02.204 [info] > git rev-parse --show-toplevel [1ms]
2025-09-06 14:01:02.204 [info] fatal: not a git repository (or any of the parent directories): .git
2025-09-06 14:01:03.217 [info] > git rev-parse --show-toplevel [1ms]
2025-09-06 14:01:03.217 [info] fatal: not a git repository (or any of the parent directories): .git
2025-09-06 14:02:45.294 [info] > git rev-parse --show-toplevel [1ms]
2025-09-06 14:02:45.294 [info] fatal: not a git repository (or any of the parent directories): .git
2025-09-06 14:02:47.149 [info] > git rev-parse --show-toplevel [1ms]
2025-09-06 14:02:47.149 [info] fatal: not a git repository (or any of the parent directories): .git
2025-09-06 14:02:48.519 [info] > git rev-parse --show-toplevel [1ms]
2025-09-06 14:02:48.519 [info] fatal: not a git repository (or any of the parent directories): .git
2025-09-06 14:04:11.396 [info] > git rev-parse --show-toplevel [1ms]
2025-09-06 14:04:11.396 [info] fatal: not a git repository (or any of the parent directories): .git
2025-09-06 14:04:26.323 [info] > git rev-parse --show-toplevel [1ms]
2025-09-06 14:04:26.323 [info] fatal: not a git repository (or any of the parent directories): .git
2025-09-06 14:04:29.371 [info] > git rev-parse --show-toplevel [1ms]
2025-09-06 14:04:29.371 [info] fatal: not a git repository (or any of the parent directories): .git
2025-09-06 14:04:41.249 [info] > git rev-parse --show-toplevel [1ms]
2025-09-06 14:04:41.249 [info] fatal: not a git repository (or any of the parent directories): .git
2025-09-06 14:04:43.924 [info] > git rev-parse --show-toplevel [1ms]
2025-09-06 14:04:43.924 [info] fatal: not a git repository (or any of the parent directories): .git
2025-09-06 14:36:44.007 [info] > git rev-parse --show-toplevel [1ms]
2025-09-06 14:36:44.007 [info] fatal: not a git repository (or any of the parent directories): .git
2025-09-06 14:42:50.895 [info] > git rev-parse --show-toplevel [1ms]
2025-09-06 14:42:50.895 [info] fatal: not a git repository (or any of the parent directories): .git
2025-09-06 14:42:51.773 [info] > git rev-parse --show-toplevel [2ms]
2025-09-06 14:42:51.773 [info] fatal: not a git repository (or any of the parent directories): .git
2025-09-06 14:42:53.453 [info] > git rev-parse --show-toplevel [1ms]
2025-09-06 14:42:53.453 [info] fatal: not a git repository (or any of the parent directories): .git
2025-09-06 14:42:54.436 [info] > git rev-parse --show-toplevel [1ms]
2025-09-06 14:42:54.436 [info] fatal: not a git repository (or any of the parent directories): .git
2025-09-06 14:42:57.317 [info] > git rev-parse --show-toplevel [1ms]
2025-09-06 14:42:57.317 [info] fatal: not a git repository (or any of the parent directories): .git
2025-09-06 14:42:58.996 [info] > git rev-parse --show-toplevel [1ms]
2025-09-06 14:42:58.996 [info] fatal: not a git repository (or any of the parent directories): .git
2025-09-06 14:42:59.612 [info] > git rev-parse --show-toplevel [1ms]
2025-09-06 14:42:59.612 [info] fatal: not a git repository (or any of the parent directories): .git
2025-09-06 14:45:59.016 [info] > git rev-parse --show-toplevel [1ms]
2025-09-06 14:45:59.016 [info] fatal: not a git repository (or any of the parent directories): .git
2025-09-06 15:45:36.833 [info] > git rev-parse --show-toplevel [1ms]
2025-09-06 15:45:36.833 [info] fatal: not a git repository (or any of the parent directories): .git
2025-09-06 15:46:15.623 [info] > git rev-parse --show-toplevel [1ms]
2025-09-06 15:46:15.623 [info] fatal: not a git repository (or any of the parent directories): .git
2025-09-06 15:51:12.485 [info] > git rev-parse --show-toplevel [1ms]
2025-09-06 15:51:12.485 [info] fatal: not a git repository (or any of the parent directories): .git
2025-09-06 15:54:29.476 [info] > git rev-parse --show-toplevel [1ms]
2025-09-06 15:54:29.476 [info] fatal: not a git repository (or any of the parent directories): .git
2025-09-06 15:54:34.163 [info] > git rev-parse --show-toplevel [2ms]
2025-09-06 15:54:34.163 [info] fatal: not a git repository (or any of the parent directories): .git
2025-09-06 15:57:26.943 [info] > git rev-parse --show-toplevel [1ms]
2025-09-06 15:57:26.943 [info] fatal: not a git repository (or any of the parent directories): .git
2025-09-06 15:57:27.558 [info] > git rev-parse --show-toplevel [1ms]
2025-09-06 15:57:27.558 [info] fatal: not a git repository (or any of the parent directories): .git
2025-09-06 15:58:39.936 [info] > git rev-parse --show-toplevel [1ms]
2025-09-06 15:58:39.936 [info] fatal: not a git repository (or any of the parent directories): .git
2025-09-06 15:59:59.463 [info] > git rev-parse --show-toplevel [1ms]
2025-09-06 15:59:59.463 [info] fatal: not a git repository (or any of the parent directories): .git
2025-09-06 16:08:17.757 [info] > git rev-parse --show-toplevel [2ms]
2025-09-06 16:08:17.757 [info] fatal: not a git repository (or any of the parent directories): .git
