2025-09-12 10:33:39.765 [info] Extension host with pid 21510 started
2025-09-12 10:33:39.765 [info] Skipping acquiring lock for /home/ezio/.config/Code - OSS/User/workspaceStorage/3c3dd24a5531bcff9618f99928f2adfb.
2025-09-12 10:33:39.987 [info] ExtensionService#_doActivateExtension vscode.emmet, startup: false, activationEvent: 'onLanguage'
2025-09-12 10:33:40.010 [info] ExtensionService#_doActivateExtension vscode.configuration-editing, startup: false, activationEvent: 'onLanguage:jsonc'
2025-09-12 10:33:40.022 [info] ExtensionService#_doActivateExtension vscode.json-language-features, startup: false, activationEvent: 'onLanguage:jsonc'
2025-09-12 10:33:40.115 [info] ExtensionService#_doActivateExtension vscode.typescript-language-features, startup: false, activationEvent: 'onLanguage:jsonc'
2025-09-12 10:33:40.488 [info] ExtensionService#_doActivateExtension vscode.git-base, startup: true, activationEvent: '*', root cause: vscode.git
2025-09-12 10:33:40.509 [info] ExtensionService#_doActivateExtension vscode.git, startup: true, activationEvent: '*'
2025-09-12 10:33:40.567 [info] ExtensionService#_doActivateExtension vscode.github, startup: true, activationEvent: '*'
2025-09-12 10:33:40.717 [info] Eager extensions activated
2025-09-12 10:33:40.741 [info] ExtensionService#_doActivateExtension vscode.debug-auto-launch, startup: false, activationEvent: 'onStartupFinished'
2025-09-12 10:33:40.745 [info] ExtensionService#_doActivateExtension vscode.merge-conflict, startup: false, activationEvent: 'onStartupFinished'
2025-09-12 10:33:45.612 [info] ExtensionService#_doActivateExtension vscode.terminal-suggest, startup: false, activationEvent: 'onTerminalShellIntegration:*'
2025-09-12 10:33:48.440 [info] Extension host terminating: renderer closed the MessagePort
2025-09-12 10:33:48.452 [info] Extension host with pid 21510 exiting with code 0
2025-09-12 10:33:49.691 [info] Extension host with pid 21854 started
2025-09-12 10:33:49.691 [info] Skipping acquiring lock for /home/ezio/.config/Code - OSS/User/workspaceStorage/a644234d38898781ddde9014acd4cd31.
2025-09-12 10:33:49.756 [info] ExtensionService#_doActivateExtension vscode.emmet, startup: false, activationEvent: 'onLanguage'
2025-09-12 10:33:49.777 [info] ExtensionService#_doActivateExtension vscode.terminal-suggest, startup: false, activationEvent: 'onTerminalShellIntegration:*'
2025-09-12 10:33:49.884 [info] ExtensionService#_doActivateExtension vscode.git-base, startup: true, activationEvent: '*', root cause: vscode.git
2025-09-12 10:33:49.889 [info] ExtensionService#_doActivateExtension vscode.git, startup: true, activationEvent: '*'
2025-09-12 10:33:49.956 [info] ExtensionService#_doActivateExtension vscode.github, startup: true, activationEvent: '*'
2025-09-12 10:33:50.083 [info] Eager extensions activated
2025-09-12 10:33:50.124 [info] ExtensionService#_doActivateExtension vscode.debug-auto-launch, startup: false, activationEvent: 'onStartupFinished'
2025-09-12 10:33:50.126 [info] ExtensionService#_doActivateExtension vscode.merge-conflict, startup: false, activationEvent: 'onStartupFinished'
2025-09-12 10:33:50.193 [info] ExtensionService#_doActivateExtension vscode.github-authentication, startup: false, activationEvent: 'onAuthenticationRequest:github'
